  forest.cpp
D:\учеба\8 семестр\диплом\MyProject3\forest.cpp(49,30): warning C4244: =: преобразование "double" в "float", возможна потеря данных
D:\учеба\8 семестр\диплом\MyProject3\forest.cpp(52,40): warning C4244: =: преобразование "double" в "float", возможна потеря данных
D:\учеба\8 семестр\диплом\MyProject3\forest.cpp(53,40): warning C4244: =: преобразование "double" в "float", возможна потеря данных
D:\учеба\8 семестр\диплом\MyProject3\forest.cpp(102,22): warning C4305: инициализация: усечение из "double" в "float"
D:\учеба\8 семестр\диплом\MyProject3\forest.cpp(263,32): warning C4244: аргумент: преобразование "float" в "int", возможна потеря данных
D:\учеба\8 семестр\диплом\MyProject3\forest.cpp(263,25): warning C4244: аргумент: преобразование "float" в "int", возможна потеря данных
D:\учеба\8 семестр\диплом\MyProject3\forest.cpp(370,34): warning C4244: аргумент: преобразование "float" в "int", возможна потеря данных
D:\учеба\8 семестр\диплом\MyProject3\forest.cpp(370,27): warning C4244: аргумент: преобразование "float" в "int", возможна потеря данных
D:\учеба\8 семестр\диплом\MyProject3\forest.cpp(379,21): warning C4305: =: усечение из "double" в "float"
D:\учеба\8 семестр\диплом\MyProject3\forest.cpp(380,21): warning C4305: =: усечение из "double" в "float"
D:\учеба\8 семестр\диплом\MyProject3\forest.cpp(508,22): warning C4305: инициализация: усечение из "double" в "float"
D:\учеба\8 семестр\диплом\MyProject3\forest.cpp(570,11): warning C4244: инициализация: преобразование "float" в "int", возможна потеря данных
D:\учеба\8 семестр\диплом\MyProject3\forest.cpp(725,58): warning C4244: аргумент: преобразование "double" в "float", возможна потеря данных
D:\учеба\8 семестр\диплом\MyProject3\forest.cpp(725,43): warning C4244: аргумент: преобразование "double" в "float", возможна потеря данных
D:\учеба\8 семестр\диплом\MyProject3\forest.cpp(762,60): warning C4244: аргумент: преобразование "double" в "float", возможна потеря данных
D:\учеба\8 семестр\диплом\MyProject3\forest.cpp(762,45): warning C4244: аргумент: преобразование "double" в "float", возможна потеря данных
D:\учеба\8 семестр\диплом\MyProject3\forest.cpp(765,37): warning C4305: инициализация: усечение из "double" в "float"
D:\учеба\8 семестр\диплом\MyProject3\forest.cpp(851,29): warning C4305: инициализация: усечение из "double" в "float"
D:\учеба\8 семестр\диплом\MyProject3\forest.cpp(852,31): warning C4305: аргумент: усечение из "double" в "float"
D:\учеба\8 семестр\диплом\MyProject3\forest.cpp(852,26): warning C4305: аргумент: усечение из "double" в "float"
D:\учеба\8 семестр\диплом\MyProject3\forest.cpp(988,15): warning C4244: аргумент: преобразование "time_t" в "unsigned int", возможна потеря данных
D:\учеба\8 семестр\диплом\MyProject3\forest.cpp(1017,35): warning C4305: аргумент: усечение из "double" в "float"
D:\учеба\8 семестр\диплом\MyProject3\forest.cpp(1017,27): warning C4305: аргумент: усечение из "double" в "float"
D:\учеба\8 семестр\диплом\MyProject3\forest.cpp(1018,30): warning C4305: аргумент: усечение из "double" в "float"
D:\учеба\8 семестр\диплом\MyProject3\forest.cpp(1018,25): warning C4305: аргумент: усечение из "double" в "float"
D:\учеба\8 семестр\диплом\MyProject3\forest.cpp(1019,29): warning C4305: аргумент: усечение из "double" в "float"
D:\учеба\8 семестр\диплом\MyProject3\forest.cpp(1020,31): warning C4305: аргумент: усечение из "double" в "float"
D:\учеба\8 семестр\диплом\MyProject3\forest.cpp(1020,25): warning C4305: аргумент: усечение из "double" в "float"
D:\учеба\8 семестр\диплом\MyProject3\forest.cpp(1026,43): warning C4244: аргумент: преобразование "double" в "float", возможна потеря данных
D:\учеба\8 семестр\диплом\MyProject3\forest.cpp(1053,61): warning C4244: аргумент: преобразование "double" в "float", возможна потеря данных
D:\учеба\8 семестр\диплом\MyProject3\forest.cpp(1053,47): warning C4244: аргумент: преобразование "double" в "float", возможна потеря данных
D:\учеба\8 семестр\диплом\MyProject3\forest.cpp(1079,26): warning C4305: инициализация: усечение из "double" в "float"
D:\учеба\8 семестр\диплом\MyProject3\forest.cpp(1080,30): warning C4305: аргумент: усечение из "double" в "float"
D:\учеба\8 семестр\диплом\MyProject3\forest.cpp(1080,25): warning C4305: аргумент: усечение из "double" в "float"
  Создание кода
  2 of 340 functions ( 0.6%) were compiled, the rest were copied from previous compilation.
    0 functions were new in current compilation
    8 functions had inline decision re-evaluated but remain unchanged
  Создание кода завершено
  MyProject.vcxproj -> D:\учеба\8 семестр\диплом\MyProject3\x64\Release\MyProject.exe
